0.000000,36.931586,-3.474256
1.000000,30.813077,-2.824965
2.000000,33.290556,-1.030439
3.000000,38.541688,-1.246613
4.000000,42.287386,0.173589
5.000000,48.715520,7.400851
6.000000,73.102608,6.820463
7.000000,67.048947,9.811635
8.000000,70.258523,8.754074
9.000000,60.532695,12.524469
10.000000,67.212489,12.316141
11.000000,48.649617,10.324047
12.000000,57.091133,10.651906
13.000000,66.136163,11.603933
14.000000,66.122678,14.399576
15.000000,78.909343,14.489922
16.000000,79.429384,23.567402
17.000000,66.869634,20.538104
18.000000,78.857305,17.878673
19.000000,60.828617,18.583282
20.000000,73.519119,24.966876
21.000000,60.810080,19.020046
22.000000,79.271077,21.187729
23.000000,67.150892,20.282967
24.000000,86.057291,25.789403
25.000000,78.851641,31.178574
26.000000,85.156242,31.523522
27.000000,79.269715,28.085961
28.000000,86.435496,28.571676
29.000000,75.098352,23.510069
30.000000,79.412101,23.545994
0.000000,46.895524,-2.772642
1.000000,48.861399,-3.499009
2.000000,66.211165,7.844215
3.000000,57.220195,10.423551
4.000000,70.125949,10.458037
5.000000,49.387306,5.497802
6.000000,61.401179,8.629032
7.000000,55.467927,7.573279
8.000000,86.785924,8.389990
9.000000,57.149537,6.398555
10.000000,53.392505,8.981211
11.000000,56.097934,8.724819
12.000000,55.410573,8.122408
13.000000,57.136435,7.631591
14.000000,64.629774,7.955300
15.000000,55.912847,9.668195
16.000000,73.336844,8.102824
17.000000,53.717267,7.336638
18.000000,46.923919,6.271184
19.000000,55.355468,8.043412
20.000000,55.222172,9.605917
21.000000,61.177053,8.942427
22.000000,61.265717,8.912773
23.000000,58.771662,6.850650
24.000000,48.114950,6.684088
25.000000,44.995735,8.194918
26.000000,67.025404,9.128879
27.000000,57.177246,8.162952
28.000000,61.171494,8.994075
29.000000,69.517977,9.665239
30.000000,55.151282,8.020256
0.000000,35.983424,-2.147172
1.000000,60.625925,-1.487565
2.000000,47.951923,2.529986
3.000000,54.881143,4.936986
4.000000,49.274280,5.857444
5.000000,55.444892,3.381776
6.000000,46.768473,5.461984
7.000000,55.145390,7.921994
8.000000,49.275478,4.439141
9.000000,55.716215,6.448853
10.000000,47.275860,6.778599
11.000000,54.759846,7.086016
12.000000,47.571882,5.058050
13.000000,43.143586,5.883302
14.000000,52.355099,5.826821
15.000000,48.524760,3.147797
16.000000,48.801358,6.626857
17.000000,79.684825,7.636059
18.000000,72.615246,15.394095
19.000000,56.309355,17.439055
20.000000,55.612517,14.901269
21.000000,54.992904,14.010910
22.000000,55.026272,18.475909
23.000000,58.908829,15.484288
24.000000,50.675800,15.238420
25.000000,73.678210,17.030934
26.000000,72.348400,17.090977
27.000000,67.104375,17.536259
28.000000,72.910152,14.413376
29.000000,67.031034,15.176208
30.000000,55.364241,15.544959
0.000000,50.716827,-1.375686
1.000000,30.241665,-4.454396
2.000000,48.867469,-2.307577
3.000000,36.915542,0.769001
4.000000,42.282325,-0.482745
5.000000,53.113173,1.417974
6.000000,47.413586,2.294130
7.000000,39.584761,3.058481
8.000000,58.848766,1.824915
9.000000,48.853753,3.727130
10.000000,58.555482,11.203568
11.000000,43.583420,7.213103
12.000000,49.032235,8.343213
13.000000,55.212770,8.605423
14.000000,60.158183,7.452734
15.000000,64.781760,9.971013
16.000000,54.800394,6.830711
17.000000,61.271394,8.578274
18.000000,72.777520,9.225775
19.000000,61.126286,12.487890
20.000000,61.769756,12.886261
21.000000,55.112384,13.474635
22.000000,66.910507,14.535614
23.000000,67.539412,15.304549
24.000000,73.097393,12.154599
25.000000,73.306665,10.653505
26.000000,65.608899,13.721492
27.000000,69.898394,11.044233
28.000000,61.262733,14.072548
29.000000,60.524697,14.314586
30.000000,56.948813,15.107215
0.000000,23.746007,-2.458822
1.000000,22.944156,-3.633773
2.000000,42.359673,-1.224596
3.000000,43.046764,-2.144285
4.000000,48.610883,-1.388555
5.000000,54.186726,1.188324
6.000000,48.649575,3.467200
7.000000,36.939116,6.477359
8.000000,43.165272,7.623835
9.000000,52.253182,5.921452
10.000000,60.236192,9.319725
11.000000,84.361524,10.571653
12.000000,72.916971,14.178235
13.000000,70.116393,13.086137
14.000000,78.691518,11.668718
15.000000,73.847245,13.289200
16.000000,84.694876,15.402726
17.000000,79.012020,16.153468
18.000000,67.372645,17.091780
19.000000,65.568884,16.352013
20.000000,53.223486,14.210606
21.000000,54.967695,12.142109
22.000000,58.372282,15.407358
23.000000,61.081520,15.900989
24.000000,72.797253,14.561668
25.000000,55.569197,14.890543
26.000000,66.729708,15.351999
27.000000,55.634848,15.342859
28.000000,85.205569,17.525834
29.000000,78.687638,19.296466
30.000000,85.460008,24.304501
0.000000,61.360662,-1.636214
1.000000,20.280623,-4.976226
2.000000,32.946942,-2.432386
3.000000,44.838981,0.634907
4.000000,48.649575,2.312396
5.000000,73.091410,1.449874
6.000000,65.416085,8.069831
7.000000,54.614959,9.264906
8.000000,61.185474,10.848931
9.000000,69.309990,8.574521
10.000000,61.149987,11.438814
11.000000,55.404837,11.036862
12.000000,73.840958,9.295640
13.000000,79.676907,12.159418
14.000000,67.519939,10.506278
15.000000,55.949417,13.439961
16.000000,79.744264,13.527239
17.000000,55.571937,12.150392
18.000000,73.638707,11.934477
19.000000,73.656466,14.164141
20.000000,60.876442,10.969975
21.000000,73.132970,14.680444
22.000000,67.531831,14.317671
23.000000,60.924076,16.739664
24.000000,53.290164,13.863488
25.000000,61.740189,14.035862
26.000000,55.734830,12.160542
27.000000,67.559902,14.216509
28.000000,55.616512,15.010951
29.000000,73.529838,15.666504
30.000000,55.601028,15.041776
0.000000,38.779975,-2.754441
1.000000,29.020577,-3.079639
2.000000,55.534171,0.416106
3.000000,41.986838,1.804308
4.000000,49.322756,4.146290
5.000000,55.333382,2.662272
6.000000,48.491522,3.655044
7.000000,52.477510,3.454701
8.000000,42.443192,4.455453
9.000000,49.119696,5.862368
10.000000,48.760462,6.805606
11.000000,49.194867,5.328033
12.000000,49.059572,5.729024
13.000000,55.518637,2.186687
14.000000,49.340491,5.391193
15.000000,55.363440,6.586275
16.000000,55.532370,4.285710
17.000000,49.076900,4.213132
18.000000,50.597714,6.076498
19.000000,55.456006,4.276244
20.000000,48.978495,3.796730
21.000000,43.504729,4.873384
22.000000,49.326799,7.297160
23.000000,55.438729,6.241283
24.000000,49.205719,5.890391
25.000000,55.293243,5.120187
26.000000,49.789666,4.328578
27.000000,48.863066,4.821636
28.000000,48.907492,5.366875
29.000000,49.437008,4.712041
30.000000,49.140924,4.431062
0.000000,21.185568,-4.088956
1.000000,36.021643,-2.489141
2.000000,50.041321,8.116191
3.000000,49.358556,5.820833
4.000000,35.757469,0.375427
5.000000,39.191185,0.769933
6.000000,41.492744,5.487385
7.000000,49.022100,2.002868
8.000000,73.373943,2.936855
9.000000,70.002318,9.632716
10.000000,66.519540,12.378390
11.000000,57.150238,9.536505
12.000000,56.753235,10.124509
13.000000,69.580618,12.765527
14.000000,66.110088,14.364151
15.000000,54.704558,14.577958
16.000000,79.632399,11.207209
17.000000,85.810403,19.311962
18.000000,73.056438,20.118524
19.000000,87.189841,16.656581
20.000000,72.967399,18.103502
21.000000,72.882498,27.238931
22.000000,56.971692,24.425210
23.000000,85.483511,23.186625
24.000000,69.388346,20.276005
25.000000,84.715394,22.379210
26.000000,67.129050,24.002069
27.000000,83.803982,21.892528
28.000000,73.298128,26.428205
29.000000,78.951312,26.614714
30.000000,69.343394,24.308640
0.000000,36.094127,-1.889689
1.000000,37.243134,0.100244
2.000000,55.448498,11.357688
3.000000,67.091038,16.130053
4.000000,52.301765,12.589519
5.000000,55.105210,11.269102
6.000000,52.581078,16.849949
7.000000,61.240334,19.618845
8.000000,48.674139,13.609231
9.000000,64.236721,16.873219
10.000000,54.855832,20.373056
11.000000,56.275244,20.435991
12.000000,67.399921,16.648317
13.000000,67.043573,17.397271
14.000000,54.943130,14.136533
15.000000,51.832788,19.826346
16.000000,55.202868,17.888533
17.000000,55.041610,18.568845
18.000000,55.628083,17.932478
19.000000,67.506001,20.077227
20.000000,66.869319,23.746902
21.000000,67.868764,24.864507
22.000000,67.828031,24.481286
23.000000,66.886866,24.500825
24.000000,67.748238,26.016118
25.000000,69.607345,24.540297
26.000000,55.423355,19.757696
27.000000,71.899670,18.785613
28.000000,79.762930,26.468564
29.000000,72.665559,27.136636
30.000000,67.837692,25.882937
0.000000,44.759401,-1.428603
1.000000,85.562541,-2.472520
2.000000,42.431328,-2.904385
3.000000,48.646308,0.669463
4.000000,55.974016,-1.205923
5.000000,50.536827,0.296614
6.000000,49.057259,-0.351545
7.000000,34.377380,0.599731
8.000000,36.681635,1.230385
9.000000,60.597068,-1.463553
10.000000,73.688215,2.787039
11.000000,60.794004,4.324739
12.000000,46.675940,2.902528
13.000000,49.352545,3.966530
14.000000,61.663105,1.811291
15.000000,52.722801,4.983966
16.000000,52.761874,2.403608
17.000000,48.646467,2.256526
18.000000,52.147264,5.248247
19.000000,60.876372,4.799839
20.000000,48.684599,4.847038
21.000000,49.261002,3.348618
22.000000,65.668413,2.214144
23.000000,56.937938,4.999747
24.000000,73.004620,3.734263
25.000000,73.774098,7.386977
26.000000,73.952257,2.366417
27.000000,49.272317,6.461718
28.000000,47.194567,5.582965
29.000000,54.666470,3.900628
30.000000,48.649575,1.899884
